<?xml version="1.0" encoding="UTF-8"?>
<coverage generated="1591880079130" clover="3.2.0">
  <project timestamp="1591880079130" name="All files">
    <metrics statements="16" coveredstatements="16" conditionals="36" coveredconditionals="35" methods="8" coveredmethods="8" elements="60" coveredelements="59" complexity="0" loc="16" ncloc="16" packages="1" files="1" classes="1"/>
    <file name="game.js" path="/Users/mike/Projects/conway-game/src/game.js">
      <metrics statements="16" coveredstatements="16" conditionals="36" coveredconditionals="35" methods="8" coveredmethods="8"/>
      <line num="6" count="150" type="stmt"/>
      <line num="12" count="13" type="stmt"/>
      <line num="13" count="171" type="stmt"/>
      <line num="17" count="13" type="stmt"/>
      <line num="24" count="171" type="stmt"/>
      <line num="25" count="171" type="stmt"/>
      <line num="26" count="171" type="stmt"/>
      <line num="28" count="171" type="cond" truecount="2" falsecount="0"/>
      <line num="32" count="67" type="cond" truecount="4" falsecount="0"/>
      <line num="35" count="104" type="cond" truecount="2" falsecount="0"/>
      <line num="42" count="171" type="cond" truecount="1" falsecount="1"/>
      <line num="44" count="171" type="stmt"/>
      <line num="45" count="171" type="stmt"/>
      <line num="46" count="171" type="stmt"/>
      <line num="47" count="171" type="stmt"/>
      <line num="49" count="171" type="stmt"/>
    </file>
  </project>
</coverage>
