{"/Users/mike/Projects/conway-game/src/game.js": {"path":"/Users/mike/Projects/conway-game/src/game.js","statementMap":{"0":{"start":{"line":6,"column":2},"end":{"line":6,"column":56}},"1":{"start":{"line":6,"column":31},"end":{"line":6,"column":54}},"2":{"start":{"line":6,"column":52},"end":{"line":6,"column":53}},"3":{"start":{"line":12,"column":24},"end":{"line":14,"column":3}},"4":{"start":{"line":13,"column":2},"end":{"line":13,"column":76}},"5":{"start":{"line":13,"column":35},"end":{"line":13,"column":74}},"6":{"start":{"line":17,"column":2},"end":{"line":17,"column":24}},"7":{"start":{"line":24,"column":17},"end":{"line":24,"column":39}},"8":{"start":{"line":25,"column":19},"end":{"line":25,"column":53}},"9":{"start":{"line":26,"column":19},"end":{"line":26,"column":35}},"10":{"start":{"line":28,"column":1},"end":{"line":36,"column":2}},"11":{"start":{"line":32,"column":2},"end":{"line":32,"column":48}},"12":{"start":{"line":35,"column":2},"end":{"line":35,"column":33}},"13":{"start":{"line":42,"column":1},"end":{"line":42,"column":35}},"14":{"start":{"line":42,"column":25},"end":{"line":42,"column":35}},"15":{"start":{"line":44,"column":16},"end":{"line":44,"column":25}},"16":{"start":{"line":45,"column":17},"end":{"line":45,"column":46}},"17":{"start":{"line":46,"column":15},"end":{"line":46,"column":24}},"18":{"start":{"line":47,"column":15},"end":{"line":47,"column":47}},"19":{"start":{"line":49,"column":1},"end":{"line":58,"column":4}}},"fnMap":{"0":{"name":"Generation","decl":{"start":{"line":5,"column":16},"end":{"line":5,"column":26}},"loc":{"start":{"line":5,"column":52},"end":{"line":7,"column":1}},"line":5},"1":{"name":"(anonymous_1)","decl":{"start":{"line":6,"column":25},"end":{"line":6,"column":26}},"loc":{"start":{"line":6,"column":31},"end":{"line":6,"column":54}},"line":6},"2":{"name":"(anonymous_2)","decl":{"start":{"line":6,"column":46},"end":{"line":6,"column":47}},"loc":{"start":{"line":6,"column":52},"end":{"line":6,"column":53}},"line":6},"3":{"name":"nextGeneration","decl":{"start":{"line":11,"column":16},"end":{"line":11,"column":30}},"loc":{"start":{"line":11,"column":43},"end":{"line":18,"column":1}},"line":11},"4":{"name":"(anonymous_4)","decl":{"start":{"line":12,"column":39},"end":{"line":12,"column":40}},"loc":{"start":{"line":12,"column":56},"end":{"line":14,"column":2}},"line":12},"5":{"name":"(anonymous_5)","decl":{"start":{"line":13,"column":17},"end":{"line":13,"column":18}},"loc":{"start":{"line":13,"column":35},"end":{"line":13,"column":74}},"line":13},"6":{"name":"nextGenCell","decl":{"start":{"line":22,"column":9},"end":{"line":22,"column":20}},"loc":{"start":{"line":22,"column":43},"end":{"line":37,"column":1}},"line":22},"7":{"name":"getNeighbors","decl":{"start":{"line":41,"column":9},"end":{"line":41,"column":21}},"loc":{"start":{"line":41,"column":44},"end":{"line":59,"column":1}},"line":41}},"branchMap":{"0":{"loc":{"start":{"line":5,"column":27},"end":{"line":5,"column":37}},"type":"default-arg","locations":[{"start":{"line":5,"column":35},"end":{"line":5,"column":37}}],"line":5},"1":{"loc":{"start":{"line":5,"column":39},"end":{"line":5,"column":50}},"type":"default-arg","locations":[{"start":{"line":5,"column":48},"end":{"line":5,"column":50}}],"line":5},"2":{"loc":{"start":{"line":28,"column":1},"end":{"line":36,"column":2}},"type":"if","locations":[{"start":{"line":28,"column":1},"end":{"line":36,"column":2}},{"start":{"line":28,"column":1},"end":{"line":36,"column":2}}],"line":28},"3":{"loc":{"start":{"line":32,"column":9},"end":{"line":32,"column":47}},"type":"cond-expr","locations":[{"start":{"line":32,"column":42},"end":{"line":32,"column":43}},{"start":{"line":32,"column":46},"end":{"line":32,"column":47}}],"line":32},"4":{"loc":{"start":{"line":32,"column":9},"end":{"line":32,"column":39}},"type":"binary-expr","locations":[{"start":{"line":32,"column":9},"end":{"line":32,"column":22}},{"start":{"line":32,"column":26},"end":{"line":32,"column":39}}],"line":32},"5":{"loc":{"start":{"line":35,"column":9},"end":{"line":35,"column":32}},"type":"cond-expr","locations":[{"start":{"line":35,"column":27},"end":{"line":35,"column":28}},{"start":{"line":35,"column":31},"end":{"line":35,"column":32}}],"line":35},"6":{"loc":{"start":{"line":42,"column":1},"end":{"line":42,"column":35}},"type":"if","locations":[{"start":{"line":42,"column":1},"end":{"line":42,"column":35}},{"start":{"line":42,"column":1},"end":{"line":42,"column":35}}],"line":42},"7":{"loc":{"start":{"line":50,"column":2},"end":{"line":50,"column":42}},"type":"cond-expr","locations":[{"start":{"line":50,"column":11},"end":{"line":50,"column":15}},{"start":{"line":50,"column":18},"end":{"line":50,"column":42}}],"line":50},"8":{"loc":{"start":{"line":51,"column":2},"end":{"line":51,"column":55}},"type":"cond-expr","locations":[{"start":{"line":51,"column":20},"end":{"line":51,"column":24}},{"start":{"line":51,"column":27},"end":{"line":51,"column":55}}],"line":51},"9":{"loc":{"start":{"line":51,"column":2},"end":{"line":51,"column":17}},"type":"binary-expr","locations":[{"start":{"line":51,"column":2},"end":{"line":51,"column":8}},{"start":{"line":51,"column":12},"end":{"line":51,"column":17}}],"line":51},"10":{"loc":{"start":{"line":52,"column":2},"end":{"line":52,"column":41}},"type":"cond-expr","locations":[{"start":{"line":52,"column":10},"end":{"line":52,"column":14}},{"start":{"line":52,"column":17},"end":{"line":52,"column":41}}],"line":52},"11":{"loc":{"start":{"line":53,"column":2},"end":{"line":53,"column":56}},"type":"cond-expr","locations":[{"start":{"line":53,"column":21},"end":{"line":53,"column":25}},{"start":{"line":53,"column":28},"end":{"line":53,"column":56}}],"line":53},"12":{"loc":{"start":{"line":53,"column":2},"end":{"line":53,"column":18}},"type":"binary-expr","locations":[{"start":{"line":53,"column":2},"end":{"line":53,"column":7}},{"start":{"line":53,"column":11},"end":{"line":53,"column":18}}],"line":53},"13":{"loc":{"start":{"line":54,"column":2},"end":{"line":54,"column":43}},"type":"cond-expr","locations":[{"start":{"line":54,"column":12},"end":{"line":54,"column":16}},{"start":{"line":54,"column":19},"end":{"line":54,"column":43}}],"line":54},"14":{"loc":{"start":{"line":55,"column":2},"end":{"line":55,"column":56}},"type":"cond-expr","locations":[{"start":{"line":55,"column":21},"end":{"line":55,"column":25}},{"start":{"line":55,"column":28},"end":{"line":55,"column":56}}],"line":55},"15":{"loc":{"start":{"line":55,"column":2},"end":{"line":55,"column":18}},"type":"binary-expr","locations":[{"start":{"line":55,"column":2},"end":{"line":55,"column":9}},{"start":{"line":55,"column":13},"end":{"line":55,"column":18}}],"line":55},"16":{"loc":{"start":{"line":56,"column":2},"end":{"line":56,"column":41}},"type":"cond-expr","locations":[{"start":{"line":56,"column":10},"end":{"line":56,"column":14}},{"start":{"line":56,"column":17},"end":{"line":56,"column":41}}],"line":56},"17":{"loc":{"start":{"line":57,"column":2},"end":{"line":57,"column":55}},"type":"cond-expr","locations":[{"start":{"line":57,"column":20},"end":{"line":57,"column":24}},{"start":{"line":57,"column":27},"end":{"line":57,"column":55}}],"line":57},"18":{"loc":{"start":{"line":57,"column":2},"end":{"line":57,"column":17}},"type":"binary-expr","locations":[{"start":{"line":57,"column":2},"end":{"line":57,"column":7}},{"start":{"line":57,"column":11},"end":{"line":57,"column":17}}],"line":57}},"s":{"0":3,"1":20,"2":150,"3":13,"4":46,"5":171,"6":13,"7":171,"8":171,"9":171,"10":171,"11":67,"12":104,"13":171,"14":0,"15":171,"16":171,"17":171,"18":171,"19":171},"f":{"0":3,"1":20,"2":150,"3":13,"4":46,"5":171,"6":171,"7":171},"b":{"0":[1],"1":[1],"2":[67,104],"3":[22,45],"4":[67,53],"5":[22,82],"6":[0,171],"7":[47,124],"8":[80,91],"9":[171,124],"10":[46,125],"11":[80,91],"12":[171,125],"13":[47,124],"14":[80,91],"15":[171,124],"16":[46,125],"17":[80,91],"18":[171,125]},"_coverageSchema":"43e27e138ebf9cfc5966b082cf9a028302ed4184","hash":"4b03c122d18b779e229c9f2bebf6d6a0cfde6189"}
}
