TN:
SF:/Users/mike/Projects/conway-game/src/game.js
FN:5,Generation
FN:6,(anonymous_1)
FN:6,(anonymous_2)
FN:11,nextGeneration
FN:12,(anonymous_4)
FN:13,(anonymous_5)
FN:22,nextGenCell
FN:41,getNeighbors
FNF:8
FNH:8
FNDA:3,Generation
FNDA:20,(anonymous_1)
FNDA:150,(anonymous_2)
FNDA:13,nextGeneration
FNDA:46,(anonymous_4)
FNDA:171,(anonymous_5)
FNDA:171,nextGenCell
FNDA:171,getNeighbors
DA:6,150
DA:12,13
DA:13,171
DA:17,13
DA:24,171
DA:25,171
DA:26,171
DA:28,171
DA:32,67
DA:35,104
DA:42,171
DA:44,171
DA:45,171
DA:46,171
DA:47,171
DA:49,171
LF:16
LH:16
BRDA:5,0,0,1
BRDA:5,1,0,1
BRDA:28,2,0,67
BRDA:28,2,1,104
BRDA:32,3,0,22
BRDA:32,3,1,45
BRDA:32,4,0,67
BRDA:32,4,1,53
BRDA:35,5,0,22
BRDA:35,5,1,82
BRDA:42,6,0,0
BRDA:42,6,1,171
BRDA:50,7,0,47
BRDA:50,7,1,124
BRDA:51,8,0,80
BRDA:51,8,1,91
BRDA:51,9,0,171
BRDA:51,9,1,124
BRDA:52,10,0,46
BRDA:52,10,1,125
BRDA:53,11,0,80
BRDA:53,11,1,91
BRDA:53,12,0,171
BRDA:53,12,1,125
BRDA:54,13,0,47
BRDA:54,13,1,124
BRDA:55,14,0,80
BRDA:55,14,1,91
BRDA:55,15,0,171
BRDA:55,15,1,124
BRDA:56,16,0,46
BRDA:56,16,1,125
BRDA:57,17,0,80
BRDA:57,17,1,91
BRDA:57,18,0,171
BRDA:57,18,1,125
BRF:36
BRH:35
end_of_record
